 LL:   1000.0000000000000     
          16
          23
          24
          24
          25
          25
          25
          23
          25
          25
          25
          24
          24
          25
          25
          25
          24
          25
          24
          24
          23
          25
          24
          25
          25
          24
          25
          21
          25
          19
          24
          22
          25
          24
          21
          20
          24
          25
          23
          20
          19
          23
          22
          23
          24
          23
          22
          24
          25
          25
          25
          25
          25
          25
          25
          25
          25
          25
          24
          25
          25
          24
          25
          23
          25
          25
          23
          25
          25
          25
          25
          25
          24
          25
          25
          25
          24
          25
          25
          25
          25
          25
          22
          24
          23
          25
          25
          25
          25
          25
          23
          25
          24
          23
          25
          24
          25
          22
          21
          23
          19
          22
          24
          24
          21
          20
          21
          19
          22
          22
          20
          20
          22
          23
          24
          24
          24
          24
          25
          25
          23
          25
          25
          25
          23
          25
          25
          24
          25
          25
          25
          23
          24
          24
          24
          25
          24
          25
          25
          25
          25
          25
          25
          25
          25
          25
          25
          25
          21
          25
          25
          24
          25
          25
          25
          24
          24
          25
          23
          25
          25
          25
          24
          25
          25
          23
          25
          25
          23
          25
          25
          22
          25
          25
          24
          21
          23
          19
          20
          17
          21
          17
          20
          20
          21
          19
          17
          20
          20
          18
          20
          22
          21
          22
          25
          25
          24
          24
          25
          23
          25
          25
          25
          25
          25
          25
          25
          25
          24
          24
          25
          25
          25
          25
          24
          25
          24
          25
          25
          25
          25
          25
          25
          24
          21
          25
          24
          25
          25
          25
          25
          21
          22
          22
          24
          24
          24
          21
          21
          20
          22
          23
          22
          23
          19
          22
          17
          20
          21
          23
          15
          21
          23
          23
          18
          23
          22
          19
          24
          24
          24
          25
          25
          23
          25
          25
          24
          25
          25
          25
          25
          25
          25
          25
          25
          25
          25
          24
          25
          25
          25
          25
          23
          25
          25
          25
          25
          25
          24
          24
          25
          25
          23
          25
          25
          24
          25
          24
          25
          25
          24
          25
          24
          24
          25
          25
          24
          25
          25
          25
          24
          25
          22
          21
          24
          22
          22
          18
          19
          21
          23
          21
          21
          22
          24
          25
          23
          25
          24
          23
          25
          24
          24
          25
          25
          25
          25
          25
          25
          25
          25
          25
          25
          25
          25
          25
          23
          25
          25
          25
          25
          25
          25
          25
          24
          25
          25
          25
          25
          24
          25
          25
          25
          25
          25
          25
          24
          24
          25
          25
          24
          25
          24
          22
          24
          24
          22
          24
          24
          20
          21
          19
          19
          20
          16
          18
          20
          24
          22
          20
          22
          20
          21
          23
          24
          22
          25
          24
          23
          24
          22
          25
          25
          25
          25
          25
          25
          25
          25
          25
          25
          23
          25
          25
          25
          22
          25
          25
          24
          25
          25
          25
          25
          24
          25
          23
          25
          24
          25
          24
          25
          25
          25
          25
          25
          25
          25
          24
          25
          25
          25
          24
          25
          25
          25
          25
          25
          25
          25
           1         449
           2         449
   50.000000000000000     
           3         449
   75.000000000000000     
           4         449
   100.00000000000000     
           5         449
   125.00000000000000     
           6         449
   150.00000000000000     
           7         449
   175.00000000000000     
           8         449
   200.00000000000000     
           9         449
   225.00000000000000     
          10         449
   250.00000000000000     
          11         449
   275.00000000000000     
          12         449
   300.00000000000000     
          13         449
   325.00000000000000     
          14         449
   350.00000000000000     
          15         449
   375.00000000000000     
          16         449
   400.00000000000000     
          17         449
   425.00000000000000     
          18         449
   450.00000000000000     
          19         449
   475.00000000000000     
          20         449
   500.00000000000000     
          21         449
   525.00000000000000     
          22         449
   550.00000000000000     
          23         449
   575.00000000000000     
          24         449
   600.00000000000000     
          25         449
   625.00000000000000     
          26         449
   650.00000000000000     
          27         449
   675.00000000000000     
          28         449
   700.00000000000000     
          29         449
   725.00000000000000     
          30         449
   750.00000000000000     
          31         449
   775.00000000000000     
          32         449
   800.00000000000000     
          33         449
   825.00000000000000     
          34         449
   850.00000000000000     
          35         449
   875.00000000000000     
          36         449
   900.00000000000000     
          37         449
   925.00000000000000     
          38         449
   950.00000000000000     
          39         449
   975.00000000000000     
          40         449
   1000.0000000000000     
          41         449
   1025.0000000000000     
          42         449
   1050.0000000000000     
          43         449
   1075.0000000000000     
          44         449
   1100.0000000000000     
          45         449
   1125.0000000000000     
          46         449
   1150.0000000000000     
          47         449
   1175.0000000000000     
          48         449
   1200.0000000000000     
          49         449
   1225.0000000000000     
          50         449
   1250.0000000000000     
          51         449
   1275.0000000000000     
          52         449
   1300.0000000000000     
          53         449
   1325.0000000000000     
          54         449
   1350.0000000000000     
          55         449
   1375.0000000000000     
          56         449
   1400.0000000000000     
          57         449
   1425.0000000000000     
          58         449
   1450.0000000000000     
          59         449
   1475.0000000000000     
          60         449
   1500.0000000000000     
          61         449
   1525.0000000000000     
          62         449
   1550.0000000000000     
          63         449
   1575.0000000000000     
          64         449
   1600.0000000000000     
          65         449
   1625.0000000000000     
          66         449
   1650.0000000000000     
          67         449
   1675.0000000000000     
          68         449
   1700.0000000000000     
          69         449
   1725.0000000000000     
          70         449
   1750.0000000000000     
          71         449
   1775.0000000000000     
          72         449
   1800.0000000000000     
          73         449
   1825.0000000000000     
          74         449
   1850.0000000000000     
          75         449
   1875.0000000000000     
          76         449
   1900.0000000000000     
          77         449
   1925.0000000000000     
          78         449
   1950.0000000000000     
          79         449
   1975.0000000000000     
          80         449
   2000.0000000000000     
          81         449
   2025.0000000000000     
          82         449
   2050.0000000000000     
          83         449
   2075.0000000000000     
          84         449
   2100.0000000000000     
          85         449
   2125.0000000000000     
          86         449
   2150.0000000000000     
          87         449
   2175.0000000000000     
          88         449
   2200.0000000000000     
          89         449
   2225.0000000000000     
          90         449
   2250.0000000000000     
          91         449
   2275.0000000000000     
          92         449
   2300.0000000000000     
          93         449
   2325.0000000000000     
          94         449
   2350.0000000000000     
          95         449
   2375.0000000000000     
          96         449
   2400.0000000000000     
          97         449
   2425.0000000000000     
          98         449
   2450.0000000000000     
          99         449
   2475.0000000000000     
         100         449
   2500.0000000000000     
         101         449
   2525.0000000000000     
         102         449
   2550.0000000000000     
         103         449
   2575.0000000000000     
         104         449
   2600.0000000000000     
         105         449
   2625.0000000000000     
         106         449
   2650.0000000000000     
         107         449
   2675.0000000000000     
         108         449
   2700.0000000000000     
         109         449
   2725.0000000000000     
         110         449
   2750.0000000000000     
         111         449
   2775.0000000000000     
         112         449
   2800.0000000000000     
         113         449
   2825.0000000000000     
         114         449
   2850.0000000000000     
         115         449
   2875.0000000000000     
         116         449
   2900.0000000000000     
         117         449
   2925.0000000000000     
         118         449
   2950.0000000000000     
         119         449
   2975.0000000000000     
         120         449
   3000.0000000000000     
         121         449
   3025.0000000000000     
         122         449
   3050.0000000000000     
         123         449
   3075.0000000000000     
         124         449
   3100.0000000000000     
         125         449
   3125.0000000000000     
         126         449
   3150.0000000000000     
         127         449
   3175.0000000000000     
         128         449
   3200.0000000000000     
         129         449
   3225.0000000000000     
         130         449
   3250.0000000000000     
         131         449
   3275.0000000000000     
         132         449
   3300.0000000000000     
         133         449
   3325.0000000000000     
         134         449
   3350.0000000000000     
         135         449
   3375.0000000000000     
         136         449
   3400.0000000000000     
         137         449
   3425.0000000000000     
         138         449
   3450.0000000000000     
         139         449
   3475.0000000000000     
         140         449
   3500.0000000000000     
         141         449
   3525.0000000000000     
         142         449
   3550.0000000000000     
         143         449
   3575.0000000000000     
         144         449
   3600.0000000000000     
         145         449
   3625.0000000000000     
         146         449
   3650.0000000000000     
         147         449
   3675.0000000000000     
         148         449
   3700.0000000000000     
         149         449
   3725.0000000000000     
         150         449
   3750.0000000000000     
         151         449
   3775.0000000000000     
         152         449
   3800.0000000000000     
         153         449
   3825.0000000000000     
         154         449
   3850.0000000000000     
         155         449
   3875.0000000000000     
         156         449
   3900.0000000000000     
         157         449
   3925.0000000000000     
         158         449
   3950.0000000000000     
         159         449
   3975.0000000000000     
         160         449
   4000.0000000000000     
         161         449
   4025.0000000000000     
         162         449
   4050.0000000000000     
         163         449
   4075.0000000000000     
         164         449
   4100.0000000000000     
         165         449
   4125.0000000000000     
         166         449
   4150.0000000000000     
         167         449
   4175.0000000000000     
         168         449
   4200.0000000000000     
         169         449
   4225.0000000000000     
         170         449
   4250.0000000000000     
         171         449
   4275.0000000000000     
         172         449
   4300.0000000000000     
         173         449
   4325.0000000000000     
         174         449
   4350.0000000000000     
         175         449
   4375.0000000000000     
         176         449
   4400.0000000000000     
         177         449
   4425.0000000000000     
         178         449
   4450.0000000000000     
         179         449
   4475.0000000000000     
         180         449
   4500.0000000000000     
         181         449
   4525.0000000000000     
         182         449
   4550.0000000000000     
         183         449
   4575.0000000000000     
         184         449
   4600.0000000000000     
         185         449
   4625.0000000000000     
         186         449
   4650.0000000000000     
         187         449
   4675.0000000000000     
         188         449
   4700.0000000000000     
         189         449
   4725.0000000000000     
         190         449
   4750.0000000000000     
         191         449
   4775.0000000000000     
         192         449
   4800.0000000000000     
         193         449
   4825.0000000000000     
         194         449
   4850.0000000000000     
         195         449
   4875.0000000000000     
         196         449
   4900.0000000000000     
         197         449
   4925.0000000000000     
         198         449
   4950.0000000000000     
         199         449
   4975.0000000000000     
         200         449
   5000.0000000000000     
         201         449
   5025.0000000000000     
         202         449
   5050.0000000000000     
         203         449
   5075.0000000000000     
         204         449
   5100.0000000000000     
         205         449
   5125.0000000000000     
         206         449
   5150.0000000000000     
         207         449
   5175.0000000000000     
         208         449
   5200.0000000000000     
         209         449
   5225.0000000000000     
         210         449
   5250.0000000000000     
         211         449
   5275.0000000000000     
         212         449
   5300.0000000000000     
         213         449
   5325.0000000000000     
         214         449
   5350.0000000000000     
         215         449
   5375.0000000000000     
         216         449
   5400.0000000000000     
         217         449
   5425.0000000000000     
         218         449
   5450.0000000000000     
         219         449
   5475.0000000000000     
         220         449
   5500.0000000000000     
         221         449
   5525.0000000000000     
         222         449
   5550.0000000000000     
         223         449
   5575.0000000000000     
         224         449
   5600.0000000000000     
         225         449
   5625.0000000000000     
         226         449
   5650.0000000000000     
         227         449
   5675.0000000000000     
         228         449
   5700.0000000000000     
         229         449
   5725.0000000000000     
         230         449
   5750.0000000000000     
         231         449
   5775.0000000000000     
         232         449
   5800.0000000000000     
         233         449
   5825.0000000000000     
         234         449
   5850.0000000000000     
         235         449
   5875.0000000000000     
         236         449
   5900.0000000000000     
         237         449
   5925.0000000000000     
         238         449
   5950.0000000000000     
         239         449
   5975.0000000000000     
         240         449
   6000.0000000000000     
         241         449
   6025.0000000000000     
         242         449
   6050.0000000000000     
         243         449
   6075.0000000000000     
         244         449
   6100.0000000000000     
         245         449
   6125.0000000000000     
         246         449
   6150.0000000000000     
         247         449
   6175.0000000000000     
         248         449
   6200.0000000000000     
         249         449
   6225.0000000000000     
         250         449
   6250.0000000000000     
         251         449
   6275.0000000000000     
         252         449
   6300.0000000000000     
         253         449
   6325.0000000000000     
         254         449
   6350.0000000000000     
         255         449
   6375.0000000000000     
         256         449
   6400.0000000000000     
         257         449
   6425.0000000000000     
         258         449
   6450.0000000000000     
         259         449
   6475.0000000000000     
         260         449
   6500.0000000000000     
         261         449
   6525.0000000000000     
         262         449
   6550.0000000000000     
         263         449
   6575.0000000000000     
         264         449
   6600.0000000000000     
         265         449
   6625.0000000000000     
         266         449
   6650.0000000000000     
         267         449
   6675.0000000000000     
         268         449
   6700.0000000000000     
         269         449
   6725.0000000000000     
         270         449
   6750.0000000000000     
         271         449
   6775.0000000000000     
         272         449
   6800.0000000000000     
         273         449
   6825.0000000000000     
         274         449
   6850.0000000000000     
         275         449
   6875.0000000000000     
         276         449
   6900.0000000000000     
         277         449
   6925.0000000000000     
         278         449
   6950.0000000000000     
         279         449
   6975.0000000000000     
         280         449
   7000.0000000000000     
         281         449
   7025.0000000000000     
         282         449
   7050.0000000000000     
         283         449
   7075.0000000000000     
         284         449
   7100.0000000000000     
         285         449
   7125.0000000000000     
         286         449
   7150.0000000000000     
         287         449
   7175.0000000000000     
         288         449
   7200.0000000000000     
         289         449
   7225.0000000000000     
         290         449
   7250.0000000000000     
         291         449
   7275.0000000000000     
         292         449
   7300.0000000000000     
         293         449
   7325.0000000000000     
         294         449
   7350.0000000000000     
         295         449
   7375.0000000000000     
         296         449
   7400.0000000000000     
         297         449
   7425.0000000000000     
         298         449
   7450.0000000000000     
         299         449
   7475.0000000000000     
         300         449
   7500.0000000000000     
         301         449
   7525.0000000000000     
         302         449
   7550.0000000000000     
         303         449
   7575.0000000000000     
         304         449
   7600.0000000000000     
         305         449
   7625.0000000000000     
         306         449
   7650.0000000000000     
         307         449
   7675.0000000000000     
         308         449
   7700.0000000000000     
         309         449
   7725.0000000000000     
         310         449
   7750.0000000000000     
         311         449
   7775.0000000000000     
         312         449
   7800.0000000000000     
         313         449
   7825.0000000000000     
         314         449
   7850.0000000000000     
         315         449
   7875.0000000000000     
         316         449
   7900.0000000000000     
         317         449
   7925.0000000000000     
         318         449
   7950.0000000000000     
         319         449
   7975.0000000000000     
         320         449
   8000.0000000000000     
         321         449
   8025.0000000000000     
         322         449
   8050.0000000000000     
         323         449
   8075.0000000000000     
         324         449
   8100.0000000000000     
         325         449
   8125.0000000000000     
         326         449
   8150.0000000000000     
         327         449
   8175.0000000000000     
         328         449
   8200.0000000000000     
         329         449
   8225.0000000000000     
         330         449
   8250.0000000000000     
         331         449
   8275.0000000000000     
         332         449
   8300.0000000000000     
         333         449
   8325.0000000000000     
         334         449
   8350.0000000000000     
         335         449
   8375.0000000000000     
         336         449
   8400.0000000000000     
         337         449
   8425.0000000000000     
         338         449
   8450.0000000000000     
         339         449
   8475.0000000000000     
         340         449
   8500.0000000000000     
         341         449
   8525.0000000000000     
         342         449
   8550.0000000000000     
         343         449
   8575.0000000000000     
         344         449
   8600.0000000000000     
         345         449
   8625.0000000000000     
         346         449
   8650.0000000000000     
         347         449
   8675.0000000000000     
         348         449
   8700.0000000000000     
         349         449
   8725.0000000000000     
         350         449
   8750.0000000000000     
         351         449
   8775.0000000000000     
         352         449
   8800.0000000000000     
         353         449
   8825.0000000000000     
         354         449
   8850.0000000000000     
         355         449
   8875.0000000000000     
         356         449
   8900.0000000000000     
         357         449
   8925.0000000000000     
         358         449
   8950.0000000000000     
         359         449
   8975.0000000000000     
         360         449
   9000.0000000000000     
         361         449
   9025.0000000000000     
         362         449
   9050.0000000000000     
         363         449
   9075.0000000000000     
         364         449
   9100.0000000000000     
         365         449
   9125.0000000000000     
         366         449
   9150.0000000000000     
         367         449
   9175.0000000000000     
         368         449
   9200.0000000000000     
         369         449
   9225.0000000000000     
         370         449
   9250.0000000000000     
         371         449
   9275.0000000000000     
         372         449
   9300.0000000000000     
         373         449
   9325.0000000000000     
         374         449
   9350.0000000000000     
         375         449
   9375.0000000000000     
         376         449
   9400.0000000000000     
         377         449
   9425.0000000000000     
         378         449
   9450.0000000000000     
         379         449
   9475.0000000000000     
         380         449
   9500.0000000000000     
         381         449
   9525.0000000000000     
         382         449
   9550.0000000000000     
         383         449
   9575.0000000000000     
         384         449
   9600.0000000000000     
         385         449
   9625.0000000000000     
         386         449
   9650.0000000000000     
         387         449
   9675.0000000000000     
         388         449
   9700.0000000000000     
         389         449
   9725.0000000000000     
         390         449
   9750.0000000000000     
         391         449
   9775.0000000000000     
         392         449
   9800.0000000000000     
         393         449
   9825.0000000000000     
         394         449
   9850.0000000000000     
         395         449
   9875.0000000000000     
         396         449
   9900.0000000000000     
         397         449
   9925.0000000000000     
         398         449
   9950.0000000000000     
         399         449
   9975.0000000000000     
         400         449
   10000.000000000000     
         401         449
   10025.000000000000     
         402         449
   10050.000000000000     
         403         449
   10075.000000000000     
         404         449
   10100.000000000000     
         405         449
   10125.000000000000     
         406         449
   10150.000000000000     
         407         449
   10175.000000000000     
         408         449
   10200.000000000000     
         409         449
   10225.000000000000     
         410         449
   10250.000000000000     
         411         449
   10275.000000000000     
         412         449
   10300.000000000000     
         413         449
   10325.000000000000     
         414         449
   10350.000000000000     
         415         449
   10375.000000000000     
         416         449
   10400.000000000000     
         417         449
   10425.000000000000     
         418         449
   10450.000000000000     
         419         449
   10475.000000000000     
         420         449
   10500.000000000000     
         421         449
   10525.000000000000     
         422         449
   10550.000000000000     
         423         449
   10575.000000000000     
         424         449
   10600.000000000000     
         425         449
   10625.000000000000     
         426         449
   10650.000000000000     
         427         449
   10675.000000000000     
         428         449
   10700.000000000000     
         429         449
   10725.000000000000     
         430         449
   10750.000000000000     
         431         449
   10775.000000000000     
         432         449
   10800.000000000000     
         433         449
   10825.000000000000     
         434         449
   10850.000000000000     
         435         449
   10875.000000000000     
         436         449
   10900.000000000000     
         437         449
   10925.000000000000     
         438         449
   10950.000000000000     
         439         449
   10975.000000000000     
         440         449
   11000.000000000000     
         441         449
   11025.000000000000     
         442         449
   11050.000000000000     
         443         449
   11075.000000000000     
         444         449
   11100.000000000000     
         445         449
   11125.000000000000     
         446         449
   11150.000000000000     
         447         449
   11175.000000000000     
         448         449
   11200.000000000000     
         449         449
   11225.000000000000     
   6257.9640268147004        6257.0235649993692     
  -2715.2366250376162        2714.2961632222850     
